[INFO ] [2020/11/18 18:01:50:909 org.hibernate.Version-logVersion] : HHH000412: Hibernate ORM core version 5.4.22.Final
[INFO ] [2020/11/18 18:01:51:582 org.hibernate.annotations.common.reflection.java.JavaReflectionManager-<clinit>] : HCANN000001: Hibernate Commons Annotations {5.1.0.Final}
[WARN ] [2020/11/18 18:01:51:745 org.hibernate.engine.jdbc.connections.internal.DriverManagerConnectionProviderImpl-configure] : HHH10001002: Using Hibernate built-in connection pool (not for production use!)
[INFO ] [2020/11/18 18:01:51:746 org.hibernate.engine.jdbc.connections.internal.DriverManagerConnectionProviderImpl-buildCreator] : HHH10001005: using driver [oracle.jdbc.driver.OracleDriver] at URL [jdbc:oracle:thin:@localhost:1521/XEPDB1]
[INFO ] [2020/11/18 18:01:51:747 org.hibernate.engine.jdbc.connections.internal.DriverManagerConnectionProviderImpl-buildCreator] : HHH10001001: Connection properties: {password=****, user=group4}
[INFO ] [2020/11/18 18:01:51:747 org.hibernate.engine.jdbc.connections.internal.DriverManagerConnectionProviderImpl-buildCreator] : HHH10001003: Autocommit mode: false
[INFO ] [2020/11/18 18:01:51:751 org.hibernate.engine.jdbc.connections.internal.DriverManagerConnectionProviderImpl$PooledConnections-<init>] : HHH000115: Hibernate connection pool size: 20 (min=1)
[INFO ] [2020/11/18 18:01:51:871 org.hibernate.dialect.Dialect-<init>] : HHH000400: Using dialect: org.hibernate.dialect.Oracle12cDialect
[INFO ] [2020/11/18 18:02:30:580 org.hibernate.Version-logVersion] : HHH000412: Hibernate ORM core version 5.4.22.Final
[INFO ] [2020/11/18 18:02:31:221 org.hibernate.annotations.common.reflection.java.JavaReflectionManager-<clinit>] : HCANN000001: Hibernate Commons Annotations {5.1.0.Final}
[WARN ] [2020/11/18 18:02:31:387 org.hibernate.engine.jdbc.connections.internal.DriverManagerConnectionProviderImpl-configure] : HHH10001002: Using Hibernate built-in connection pool (not for production use!)
[INFO ] [2020/11/18 18:02:31:388 org.hibernate.engine.jdbc.connections.internal.DriverManagerConnectionProviderImpl-buildCreator] : HHH10001005: using driver [oracle.jdbc.driver.OracleDriver] at URL [jdbc:oracle:thin:@localhost:1521/XEPDB1]
[INFO ] [2020/11/18 18:02:31:389 org.hibernate.engine.jdbc.connections.internal.DriverManagerConnectionProviderImpl-buildCreator] : HHH10001001: Connection properties: {password=****, user=group4}
[INFO ] [2020/11/18 18:02:31:389 org.hibernate.engine.jdbc.connections.internal.DriverManagerConnectionProviderImpl-buildCreator] : HHH10001003: Autocommit mode: false
[INFO ] [2020/11/18 18:02:31:393 org.hibernate.engine.jdbc.connections.internal.DriverManagerConnectionProviderImpl$PooledConnections-<init>] : HHH000115: Hibernate connection pool size: 20 (min=1)
[INFO ] [2020/11/18 18:02:31:504 org.hibernate.dialect.Dialect-<init>] : HHH000400: Using dialect: org.hibernate.dialect.Oracle12cDialect
[INFO ] [2020/11/18 19:31:33:839 org.hibernate.Version-logVersion] : HHH000412: Hibernate ORM core version 5.4.22.Final
[INFO ] [2020/11/18 19:31:34:242 org.hibernate.annotations.common.reflection.java.JavaReflectionManager-<clinit>] : HCANN000001: Hibernate Commons Annotations {5.1.0.Final}
[WARN ] [2020/11/18 19:31:34:360 org.hibernate.engine.jdbc.connections.internal.DriverManagerConnectionProviderImpl-configure] : HHH10001002: Using Hibernate built-in connection pool (not for production use!)
[INFO ] [2020/11/18 19:31:34:361 org.hibernate.engine.jdbc.connections.internal.DriverManagerConnectionProviderImpl-buildCreator] : HHH10001005: using driver [oracle.jdbc.driver.OracleDriver] at URL [jdbc:oracle:thin:@localhost:1521/XEPDB1]
[INFO ] [2020/11/18 19:31:34:361 org.hibernate.engine.jdbc.connections.internal.DriverManagerConnectionProviderImpl-buildCreator] : HHH10001001: Connection properties: {password=****, user=group4}
[INFO ] [2020/11/18 19:31:34:362 org.hibernate.engine.jdbc.connections.internal.DriverManagerConnectionProviderImpl-buildCreator] : HHH10001003: Autocommit mode: false
[INFO ] [2020/11/18 19:31:34:364 org.hibernate.engine.jdbc.connections.internal.DriverManagerConnectionProviderImpl$PooledConnections-<init>] : HHH000115: Hibernate connection pool size: 20 (min=1)
[INFO ] [2020/11/18 19:31:34:435 org.hibernate.dialect.Dialect-<init>] : HHH000400: Using dialect: org.hibernate.dialect.Oracle12cDialect
[INFO ] [2020/11/18 19:35:31:720 org.hibernate.Version-logVersion] : HHH000412: Hibernate ORM core version 5.4.22.Final
[INFO ] [2020/11/18 19:35:32:121 org.hibernate.annotations.common.reflection.java.JavaReflectionManager-<clinit>] : HCANN000001: Hibernate Commons Annotations {5.1.0.Final}
[WARN ] [2020/11/18 19:35:32:238 org.hibernate.engine.jdbc.connections.internal.DriverManagerConnectionProviderImpl-configure] : HHH10001002: Using Hibernate built-in connection pool (not for production use!)
[INFO ] [2020/11/18 19:35:32:239 org.hibernate.engine.jdbc.connections.internal.DriverManagerConnectionProviderImpl-buildCreator] : HHH10001005: using driver [oracle.jdbc.driver.OracleDriver] at URL [jdbc:oracle:thin:@localhost:1521/XEPDB1]
[INFO ] [2020/11/18 19:35:32:240 org.hibernate.engine.jdbc.connections.internal.DriverManagerConnectionProviderImpl-buildCreator] : HHH10001001: Connection properties: {password=****, user=group4}
[INFO ] [2020/11/18 19:35:32:240 org.hibernate.engine.jdbc.connections.internal.DriverManagerConnectionProviderImpl-buildCreator] : HHH10001003: Autocommit mode: false
[INFO ] [2020/11/18 19:35:32:244 org.hibernate.engine.jdbc.connections.internal.DriverManagerConnectionProviderImpl$PooledConnections-<init>] : HHH000115: Hibernate connection pool size: 20 (min=1)
[INFO ] [2020/11/18 19:35:32:295 org.hibernate.dialect.Dialect-<init>] : HHH000400: Using dialect: org.hibernate.dialect.Oracle12cDialect
[INFO ] [2020/11/18 19:39:40:905 org.hibernate.Version-logVersion] : HHH000412: Hibernate ORM core version 5.4.22.Final
[INFO ] [2020/11/18 19:39:41:280 org.hibernate.annotations.common.reflection.java.JavaReflectionManager-<clinit>] : HCANN000001: Hibernate Commons Annotations {5.1.0.Final}
[WARN ] [2020/11/18 19:39:41:375 org.hibernate.engine.jdbc.connections.internal.DriverManagerConnectionProviderImpl-configure] : HHH10001002: Using Hibernate built-in connection pool (not for production use!)
[INFO ] [2020/11/18 19:39:41:376 org.hibernate.engine.jdbc.connections.internal.DriverManagerConnectionProviderImpl-buildCreator] : HHH10001005: using driver [oracle.jdbc.driver.OracleDriver] at URL [jdbc:oracle:thin:@localhost:1521/XEPDB1]
[INFO ] [2020/11/18 19:39:41:377 org.hibernate.engine.jdbc.connections.internal.DriverManagerConnectionProviderImpl-buildCreator] : HHH10001001: Connection properties: {password=****, user=group4}
[INFO ] [2020/11/18 19:39:41:377 org.hibernate.engine.jdbc.connections.internal.DriverManagerConnectionProviderImpl-buildCreator] : HHH10001003: Autocommit mode: false
[INFO ] [2020/11/18 19:39:41:380 org.hibernate.engine.jdbc.connections.internal.DriverManagerConnectionProviderImpl$PooledConnections-<init>] : HHH000115: Hibernate connection pool size: 20 (min=1)
[INFO ] [2020/11/18 19:39:41:427 org.hibernate.dialect.Dialect-<init>] : HHH000400: Using dialect: org.hibernate.dialect.Oracle12cDialect
[INFO ] [2020/11/18 20:38:38:748 org.hibernate.Version-logVersion] : HHH000412: Hibernate ORM core version 5.4.22.Final
[INFO ] [2020/11/18 20:38:39:133 org.hibernate.annotations.common.reflection.java.JavaReflectionManager-<clinit>] : HCANN000001: Hibernate Commons Annotations {5.1.0.Final}
[WARN ] [2020/11/18 20:38:39:226 org.hibernate.engine.jdbc.connections.internal.DriverManagerConnectionProviderImpl-configure] : HHH10001002: Using Hibernate built-in connection pool (not for production use!)
[INFO ] [2020/11/18 20:38:39:227 org.hibernate.engine.jdbc.connections.internal.DriverManagerConnectionProviderImpl-buildCreator] : HHH10001005: using driver [oracle.jdbc.driver.OracleDriver] at URL [jdbc:oracle:thin:@localhost:1521/XEPDB1]
[INFO ] [2020/11/18 20:38:39:228 org.hibernate.engine.jdbc.connections.internal.DriverManagerConnectionProviderImpl-buildCreator] : HHH10001001: Connection properties: {password=****, user=group4}
[INFO ] [2020/11/18 20:38:39:228 org.hibernate.engine.jdbc.connections.internal.DriverManagerConnectionProviderImpl-buildCreator] : HHH10001003: Autocommit mode: false
[INFO ] [2020/11/18 20:38:39:231 org.hibernate.engine.jdbc.connections.internal.DriverManagerConnectionProviderImpl$PooledConnections-<init>] : HHH000115: Hibernate connection pool size: 20 (min=1)
[INFO ] [2020/11/18 20:38:39:280 org.hibernate.dialect.Dialect-<init>] : HHH000400: Using dialect: org.hibernate.dialect.Oracle12cDialect
[INFO ] [2020/11/18 21:24:10:524 org.hibernate.Version-logVersion] : HHH000412: Hibernate ORM core version 5.4.22.Final
[INFO ] [2020/11/18 21:24:10:951 org.hibernate.annotations.common.reflection.java.JavaReflectionManager-<clinit>] : HCANN000001: Hibernate Commons Annotations {5.1.0.Final}
[WARN ] [2020/11/18 21:24:11:062 org.hibernate.engine.jdbc.connections.internal.DriverManagerConnectionProviderImpl-configure] : HHH10001002: Using Hibernate built-in connection pool (not for production use!)
[INFO ] [2020/11/18 21:24:11:063 org.hibernate.engine.jdbc.connections.internal.DriverManagerConnectionProviderImpl-buildCreator] : HHH10001005: using driver [oracle.jdbc.driver.OracleDriver] at URL [jdbc:oracle:thin:@localhost:1521/XEPDB1]
[INFO ] [2020/11/18 21:24:11:064 org.hibernate.engine.jdbc.connections.internal.DriverManagerConnectionProviderImpl-buildCreator] : HHH10001001: Connection properties: {password=****, user=group4}
[INFO ] [2020/11/18 21:24:11:064 org.hibernate.engine.jdbc.connections.internal.DriverManagerConnectionProviderImpl-buildCreator] : HHH10001003: Autocommit mode: false
[INFO ] [2020/11/18 21:24:11:066 org.hibernate.engine.jdbc.connections.internal.DriverManagerConnectionProviderImpl$PooledConnections-<init>] : HHH000115: Hibernate connection pool size: 20 (min=1)
[INFO ] [2020/11/18 21:24:11:118 org.hibernate.dialect.Dialect-<init>] : HHH000400: Using dialect: org.hibernate.dialect.Oracle12cDialect
[INFO ] [2020/11/18 21:25:47:717 org.hibernate.Version-logVersion] : HHH000412: Hibernate ORM core version 5.4.22.Final
[INFO ] [2020/11/18 21:25:48:125 org.hibernate.annotations.common.reflection.java.JavaReflectionManager-<clinit>] : HCANN000001: Hibernate Commons Annotations {5.1.0.Final}
[WARN ] [2020/11/18 21:25:48:221 org.hibernate.engine.jdbc.connections.internal.DriverManagerConnectionProviderImpl-configure] : HHH10001002: Using Hibernate built-in connection pool (not for production use!)
[INFO ] [2020/11/18 21:25:48:222 org.hibernate.engine.jdbc.connections.internal.DriverManagerConnectionProviderImpl-buildCreator] : HHH10001005: using driver [oracle.jdbc.driver.OracleDriver] at URL [jdbc:oracle:thin:@localhost:1521/XEPDB1]
[INFO ] [2020/11/18 21:25:48:223 org.hibernate.engine.jdbc.connections.internal.DriverManagerConnectionProviderImpl-buildCreator] : HHH10001001: Connection properties: {password=****, user=group4}
[INFO ] [2020/11/18 21:25:48:223 org.hibernate.engine.jdbc.connections.internal.DriverManagerConnectionProviderImpl-buildCreator] : HHH10001003: Autocommit mode: false
[INFO ] [2020/11/18 21:25:48:226 org.hibernate.engine.jdbc.connections.internal.DriverManagerConnectionProviderImpl$PooledConnections-<init>] : HHH000115: Hibernate connection pool size: 20 (min=1)
[INFO ] [2020/11/18 21:25:48:274 org.hibernate.dialect.Dialect-<init>] : HHH000400: Using dialect: org.hibernate.dialect.Oracle12cDialect
